app/build/intermediates/manifest_merge_blame_file/debug/manifest-merger-blame-debug-report.txt
1<?xml version="1.0" encoding="utf-8"?>
2<manifest xmlns:android="http://schemas.android.com/apk/res/android"
3    package="cm.seeds.musics"
4    android:versionCode="1"
5    android:versionName="1.0" >
6
7    <uses-sdk
8        android:minSdkVersion="21"
8-->src\main\AndroidManifest.xml
9        android:targetSdkVersion="29" />
9-->src\main\AndroidManifest.xml
10
11    <uses-permission android:name="android.permission.READ_EXTERNAL_STORAGE" />
11-->src\main\AndroidManifest.xml:5:5-80
11-->src\main\AndroidManifest.xml:5:22-77
12    <uses-permission android:name="android.permission.WRITE_EXTERNAL_STORAGE" />
12-->src\main\AndroidManifest.xml:6:5-81
12-->src\main\AndroidManifest.xml:6:22-78
13    <uses-permission android:name="android.permission.FOREGROUND_SERVICE" />
13-->src\main\AndroidManifest.xml:7:5-76
13-->src\main\AndroidManifest.xml:7:22-74
14
15    <application
15-->src\main\AndroidManifest.xml:9:5-51:19
16        android:allowBackup="true"
16-->src\main\AndroidManifest.xml:10:9-35
17        android:appComponentFactory="androidx.core.app.CoreComponentFactory"
17-->[androidx.core:core:1.1.0] AndroidManifest.xml:24:18-86
18        android:debuggable="true"
19        android:icon="@mipmap/ic_launcher"
19-->src\main\AndroidManifest.xml:11:9-43
20        android:label="@string/app_name"
20-->src\main\AndroidManifest.xml:12:9-41
21        android:requestLegacyExternalStorage="true"
21-->src\main\AndroidManifest.xml:16:9-52
22        android:roundIcon="@mipmap/ic_launcher_round"
22-->src\main\AndroidManifest.xml:13:9-54
23        android:supportsRtl="true"
23-->src\main\AndroidManifest.xml:14:9-35
24        android:testOnly="true"
25        android:theme="@style/AppTheme" >
25-->src\main\AndroidManifest.xml:15:9-40
26        <service
26-->src\main\AndroidManifest.xml:17:9-30:19
27            android:name="cm.seeds.musics.PlayerService"
27-->src\main\AndroidManifest.xml:18:13-42
28            android:enabled="true"
28-->src\main\AndroidManifest.xml:19:13-35
29            android:exported="true" >
29-->src\main\AndroidManifest.xml:20:13-36
30            <intent-filter>
30-->src\main\AndroidManifest.xml:22:13-24:29
31                <action android:name="android.media.browse.MediaBrowserServiceCompat" />
31-->src\main\AndroidManifest.xml:23:17-89
31-->src\main\AndroidManifest.xml:23:25-86
32            </intent-filter>
33            <intent-filter>
33-->src\main\AndroidManifest.xml:26:13-28:29
34                <action android:name="android.intent.action.MEDIA_BUTTON" />
34-->src\main\AndroidManifest.xml:27:17-77
34-->src\main\AndroidManifest.xml:27:25-74
35            </intent-filter>
36        </service>
37
38        <receiver android:name="androidx.media.session.MediaButtonReceiver" >
38-->src\main\AndroidManifest.xml:32:9-36:20
38-->src\main\AndroidManifest.xml:32:19-76
39            <intent-filter>
39-->src\main\AndroidManifest.xml:26:13-28:29
40                <action android:name="android.intent.action.MEDIA_BUTTON" />
40-->src\main\AndroidManifest.xml:27:17-77
40-->src\main\AndroidManifest.xml:27:25-74
41            </intent-filter>
42        </receiver>
43
44        <activity android:name="cm.seeds.musics.Activities.MainActivity" >
44-->src\main\AndroidManifest.xml:38:9-50:20
44-->src\main\AndroidManifest.xml:38:19-58
45            <intent-filter>
45-->src\main\AndroidManifest.xml:39:13-42:29
46                <action android:name="android.intent.action.MAIN" />
46-->src\main\AndroidManifest.xml:40:17-69
46-->src\main\AndroidManifest.xml:40:25-66
47
48                <category android:name="android.intent.category.LAUNCHER" />
48-->src\main\AndroidManifest.xml:41:17-77
48-->src\main\AndroidManifest.xml:41:27-74
49            </intent-filter>
50            <intent-filter>
50-->src\main\AndroidManifest.xml:43:13-49:29
51                <action android:name="android.intent.action.VIEW" />
51-->src\main\AndroidManifest.xml:44:17-68
51-->src\main\AndroidManifest.xml:44:25-66
52
53                <category android:name="android.intent.category.DEFAULT" />
53-->src\main\AndroidManifest.xml:45:17-75
53-->src\main\AndroidManifest.xml:45:27-73
54
55                <data android:scheme="content" />
55-->src\main\AndroidManifest.xml:46:17-49
55-->src\main\AndroidManifest.xml:46:23-47
56                <data android:scheme="file" />
56-->src\main\AndroidManifest.xml:46:17-49
56-->src\main\AndroidManifest.xml:46:23-47
57                <data android:mimeType="audio/*" />
57-->src\main\AndroidManifest.xml:46:17-49
57-->src\main\AndroidManifest.xml:48:23-49
58            </intent-filter>
59        </activity>
60
61        <provider
61-->[androidx.lifecycle:lifecycle-process:2.1.0] AndroidManifest.xml:23:9-27:43
62            android:name="androidx.lifecycle.ProcessLifecycleOwnerInitializer"
62-->[androidx.lifecycle:lifecycle-process:2.1.0] AndroidManifest.xml:24:13-79
63            android:authorities="cm.seeds.musics.lifecycle-process"
63-->[androidx.lifecycle:lifecycle-process:2.1.0] AndroidManifest.xml:25:13-69
64            android:exported="false"
64-->[androidx.lifecycle:lifecycle-process:2.1.0] AndroidManifest.xml:26:13-37
65            android:multiprocess="true" />
65-->[androidx.lifecycle:lifecycle-process:2.1.0] AndroidManifest.xml:27:13-40
66    </application>
67
68</manifest>